# JRE version: OpenJDK Runtime Environment (21.0.6) (build 21.0.6+-13391695-b895.109)
# Java VM: OpenJDK 64-Bit Server VM (21.0.6+-13391695-b895.109, mixed mode, tiered, compressed oops, compressed class ptrs, g1 gc, windows-amd64)
GC Precious Log:
 CardTable entry size: 512
 Card Set container configuration: InlinePtr #cards 4 size 8 Array Of Cards #cards 16 size 48 Howl #buckets 8 coarsen threshold 3686 Howl Bitmap #cards 512 size 80 coarsen threshold 460 Card regions per heap region 1 cards per card region 4096
 CPUs: 8 total, 8 available
 Memory: 14249M
 Large Page Support: Disabled
 NUMA Support: Disabled
 Compressed Oops: Enabled (Zero based)
 Heap Region Size: 2M
 Heap Min Capacity: 8M
 Heap Initial Capacity: 224M
 Heap Max Capacity: 3564M
 Pre-touch: Disabled
 Parallel Workers: 8
 Concurrent Workers: 2
 Concurrent Refinement Workers: 8
 Periodic GC: Disabled
Heap:
 garbage-first heap   total 139264K, used 36403K [0x0000000721400000, 0x0000000800000000)
  region size 2048K, 11 young (22528K), 2 survivors (4096K)
 Metaspace       used 42851K, committed 43072K, reserved 1114112K
  class space    used 4946K, committed 5056K, reserved 1048576K
GC Heap History (14 events):
Event: 0.602 GC heap before
{Heap before GC invocations=0 (full 0):
 garbage-first heap   total 229376K, used 24576K [0x0000000721400000, 0x0000000800000000)
  region size 2048K, 11 young (22528K), 0 survivors (0K)
 Metaspace       used 13577K, committed 13696K, reserved 1114112K
  class space    used 1271K, committed 1344K, reserved 1048576K
}
Event: 0.605 GC heap after
{Heap after GC invocations=1 (full 0):
 garbage-first heap   total 229376K, used 7014K [0x0000000721400000, 0x0000000800000000)
  region size 2048K, 2 young (4096K), 2 survivors (4096K)
 Metaspace       used 13577K, committed 13696K, reserved 1114112K
  class space    used 1271K, committed 1344K, reserved 1048576K
}
Event: 0.990 GC heap before
{Heap before GC invocations=1 (full 0):
 garbage-first heap   total 229376K, used 29542K [0x0000000721400000, 0x0000000800000000)
  region size 2048K, 15 young (30720K), 2 survivors (4096K)
 Metaspace       used 21356K, committed 21504K, reserved 1114112K
  class space    used 2167K, committed 2240K, reserved 1048576K
}
Event: 0.995 GC heap after
{Heap after GC invocations=2 (full 0):
 garbage-first heap   total 229376K, used 9212K [0x0000000721400000, 0x0000000800000000)
  region size 2048K, 3 young (6144K), 3 survivors (6144K)
 Metaspace       used 21356K, committed 21504K, reserved 1114112K
  class space    used 2167K, committed 2240K, reserved 1048576K
}
Event: 1.355 GC heap before
{Heap before GC invocations=3 (full 0):
 garbage-first heap   total 34816K, used 33788K [0x0000000721400000, 0x0000000800000000)
  region size 2048K, 15 young (30720K), 3 survivors (6144K)
 Metaspace       used 25466K, committed 25728K, reserved 1114112K
  class space    used 2683K, committed 2816K, reserved 1048576K
}
Event: 1.366 GC heap after
{Heap after GC invocations=4 (full 0):
 garbage-first heap   total 47104K, used 16368K [0x0000000721400000, 0x0000000800000000)
  region size 2048K, 6 young (12288K), 6 survivors (12288K)
 Metaspace       used 25466K, committed 25728K, reserved 1114112K
  class space    used 2683K, committed 2816K, reserved 1048576K
}
Event: 1.628 GC heap before
{Heap before GC invocations=4 (full 0):
 garbage-first heap   total 47104K, used 30704K [0x0000000721400000, 0x0000000800000000)
  region size 2048K, 13 young (26624K), 6 survivors (12288K)
 Metaspace       used 28953K, committed 29184K, reserved 1114112K
  class space    used 3055K, committed 3136K, reserved 1048576K
}
Event: 1.642 GC heap after
{Heap after GC invocations=5 (full 0):
 garbage-first heap   total 47104K, used 17535K [0x0000000721400000, 0x0000000800000000)
  region size 2048K, 1 young (2048K), 1 survivors (2048K)
 Metaspace       used 28953K, committed 29184K, reserved 1114112K
  class space    used 3055K, committed 3136K, reserved 1048576K
}
Event: 1.982 GC heap before
{Heap before GC invocations=5 (full 0):
 garbage-first heap   total 47104K, used 35967K [0x0000000721400000, 0x0000000800000000)
  region size 2048K, 10 young (20480K), 1 survivors (2048K)
 Metaspace       used 34296K, committed 34560K, reserved 1114112K
  class space    used 4124K, committed 4224K, reserved 1048576K
}
Event: 1.988 GC heap after
{Heap after GC invocations=6 (full 0):
 garbage-first heap   total 47104K, used 18448K [0x0000000721400000, 0x0000000800000000)
  region size 2048K, 2 young (4096K), 2 survivors (4096K)
 Metaspace       used 34296K, committed 34560K, reserved 1114112K
  class space    used 4124K, committed 4224K, reserved 1048576K
}
Event: 2.071 GC heap before
{Heap before GC invocations=6 (full 0):
 garbage-first heap   total 47104K, used 24592K [0x0000000721400000, 0x0000000800000000)
  region size 2048K, 6 young (12288K), 2 survivors (4096K)
 Metaspace       used 35821K, committed 35968K, reserved 1114112K
  class space    used 4284K, committed 4352K, reserved 1048576K
}
Event: 2.076 GC heap after
{Heap after GC invocations=7 (full 0):
 garbage-first heap   total 47104K, used 18800K [0x0000000721400000, 0x0000000800000000)
  region size 2048K, 1 young (2048K), 1 survivors (2048K)
 Metaspace       used 35821K, committed 35968K, reserved 1114112K
  class space    used 4284K, committed 4352K, reserved 1048576K
}
Event: 2.460 GC heap before
{Heap before GC invocations=8 (full 0):
 garbage-first heap   total 47104K, used 37232K [0x0000000721400000, 0x0000000800000000)
  region size 2048K, 10 young (20480K), 1 survivors (2048K)
 Metaspace       used 40661K, committed 40960K, reserved 1114112K
  class space    used 4758K, committed 4928K, reserved 1048576K
}
Event: 2.465 GC heap after
{Heap after GC invocations=9 (full 0):
 garbage-first heap   total 139264K, used 20019K [0x0000000721400000, 0x0000000800000000)
  region size 2048K, 2 young (4096K), 2 survivors (4096K)
 Metaspace       used 40661K, committed 40960K, reserved 1114112K
  class space    used 4758K, committed 4928K, reserved 1048576K
}

